# JRE version: Java(TM) SE Runtime Environment (8.0_73-b02) (build 1.8.0_73-b02)
# Java VM: Java HotSpot(TM) 64-Bit Server VM (25.73-b02 mixed mode windows-amd64 compressed oops)
Heap:
 PSYoungGen      total 131584K, used 101010K [0x00000000eab00000, 0x00000000f4480000, 0x0000000100000000)
  eden space 122368K, 79% used [0x00000000eab00000,0x00000000f09b0988,0x00000000f2280000)
  from space 9216K, 43% used [0x00000000f3b80000,0x00000000f3f74010,0x00000000f4480000)
  to   space 17408K, 0% used [0x00000000f2280000,0x00000000f2280000,0x00000000f3380000)
 ParOldGen       total 99840K, used 42578K [0x00000000c0000000, 0x00000000c6180000, 0x00000000eab00000)
  object space 99840K, 42% used [0x00000000c0000000,0x00000000c29948f0,0x00000000c6180000)
 Metaspace       used 58880K, capacity 63156K, committed 63872K, reserved 1103872K
  class space    used 7692K, capacity 8273K, committed 8576K, reserved 1048576K
GC Heap History (10 events):
Event: 32534.686 GC heap before
{Heap before GC invocations=48 (full 14):
 PSYoungGen      total 145920K, used 3861K [0x00000000eab00000, 0x00000000f4b80000, 0x0000000100000000)
  eden space 129536K, 0% used [0x00000000eab00000,0x00000000eab00000,0x00000000f2980000)
  from space 16384K, 23% used [0x00000000f3b80000,0x00000000f3f45740,0x00000000f4b80000)
  to   space 17408K, 0% used [0x00000000f2980000,0x00000000f2980000,0x00000000f3a80000)
 ParOldGen       total 99840K, used 43454K [0x00000000c0000000, 0x00000000c6180000, 0x00000000eab00000)
  object space 99840K, 43% used [0x00000000c0000000,0x00000000c2a6f9d0,0x00000000c6180000)
 Metaspace       used 58983K, capacity 63300K, committed 63616K, reserved 1103872K
  class space    used 7803K, capacity 8488K, committed 8576K, reserved 1048576K
Event: 32535.133 GC heap after
Heap after GC invocations=48 (full 14):
 PSYoungGen      total 145920K, used 0K [0x00000000eab00000, 0x00000000f4b80000, 0x0000000100000000)
  eden space 129536K, 0% used [0x00000000eab00000,0x00000000eab00000,0x00000000f2980000)
  from space 16384K, 0% used [0x00000000f3b80000,0x00000000f3b80000,0x00000000f4b80000)
  to   space 17408K, 0% used [0x00000000f2980000,0x00000000f2980000,0x00000000f3a80000)
 ParOldGen       total 99840K, used 42546K [0x00000000c0000000, 0x00000000c6180000, 0x00000000eab00000)
  object space 99840K, 42% used [0x00000000c0000000,0x00000000c298c8f0,0x00000000c6180000)
 Metaspace       used 58260K, capacity 62230K, committed 63616K, reserved 1103872K
  class space    used 7646K, capacity 8216K, committed 8576K, reserved 1048576K
}
Event: 32538.377 GC heap before
{Heap before GC invocations=49 (full 14):
 PSYoungGen      total 145920K, used 129536K [0x00000000eab00000, 0x00000000f4b80000, 0x0000000100000000)
  eden space 129536K, 100% used [0x00000000eab00000,0x00000000f2980000,0x00000000f2980000)
  from space 16384K, 0% used [0x00000000f3b80000,0x00000000f3b80000,0x00000000f4b80000)
  to   space 17408K, 0% used [0x00000000f2980000,0x00000000f2980000,0x00000000f3a80000)
 ParOldGen       total 99840K, used 42546K [0x00000000c0000000, 0x00000000c6180000, 0x00000000eab00000)
  object space 99840K, 42% used [0x00000000c0000000,0x00000000c298c8f0,0x00000000c6180000)
 Metaspace       used 58358K, capacity 62340K, committed 63616K, reserved 1103872K
  class space    used 7654K, capacity 8226K, committed 8576K, reserved 1048576K
Event: 32538.388 GC heap after
Heap after GC invocations=49 (full 14):
 PSYoungGen      total 146944K, used 9771K [0x00000000eab00000, 0x00000000f5200000, 0x0000000100000000)
  eden space 129536K, 0% used [0x00000000eab00000,0x00000000eab00000,0x00000000f2980000)
  from space 17408K, 56% used [0x00000000f2980000,0x00000000f330ac88,0x00000000f3a80000)
  to   space 17920K, 0% used [0x00000000f4080000,0x00000000f4080000,0x00000000f5200000)
 ParOldGen       total 99840K, used 42554K [0x00000000c0000000, 0x00000000c6180000, 0x00000000eab00000)
  object space 99840K, 42% used [0x00000000c0000000,0x00000000c298e8f0,0x00000000c6180000)
 Metaspace       used 58358K, capacity 62340K, committed 63616K, reserved 1103872K
  class space    used 7654K, capacity 8226K, committed 8576K, reserved 1048576K
}
Event: 32630.061 GC heap before
{Heap before GC invocations=50 (full 14):
 PSYoungGen      total 146944K, used 139307K [0x00000000eab00000, 0x00000000f5200000, 0x0000000100000000)
  eden space 129536K, 100% used [0x00000000eab00000,0x00000000f2980000,0x00000000f2980000)
  from space 17408K, 56% used [0x00000000f2980000,0x00000000f330ac88,0x00000000f3a80000)
  to   space 17920K, 0% used [0x00000000f4080000,0x00000000f4080000,0x00000000f5200000)
 ParOldGen       total 99840K, used 42554K [0x00000000c0000000, 0x00000000c6180000, 0x00000000eab00000)
  object space 99840K, 42% used [0x00000000c0000000,0x00000000c298e8f0,0x00000000c6180000)
 Metaspace       used 58555K, capacity 62700K, committed 63616K, reserved 1103872K
  class space    used 7662K, capacity 8235K, committed 8576K, reserved 1048576K
Event: 32630.068 GC heap after
Heap after GC invocations=50 (full 14):
 PSYoungGen      total 132608K, used 3151K [0x00000000eab00000, 0x00000000f4700000, 0x0000000100000000)
  eden space 125952K, 0% used [0x00000000eab00000,0x00000000eab00000,0x00000000f2600000)
  from space 6656K, 47% used [0x00000000f4080000,0x00000000f4393c40,0x00000000f4700000)
  to   space 16896K, 0% used [0x00000000f2600000,0x00000000f2600000,0x00000000f3680000)
 ParOldGen       total 99840K, used 42562K [0x00000000c0000000, 0x00000000c6180000, 0x00000000eab00000)
  object space 99840K, 42% used [0x00000000c0000000,0x00000000c29908f0,0x00000000c6180000)
 Metaspace       used 58555K, capacity 62700K, committed 63616K, reserved 1103872K
  class space    used 7662K, capacity 8235K, committed 8576K, reserved 1048576K
}
Event: 32632.280 GC heap before
{Heap before GC invocations=51 (full 14):
 PSYoungGen      total 132608K, used 129103K [0x00000000eab00000, 0x00000000f4700000, 0x0000000100000000)
  eden space 125952K, 100% used [0x00000000eab00000,0x00000000f2600000,0x00000000f2600000)
  from space 6656K, 47% used [0x00000000f4080000,0x00000000f4393c40,0x00000000f4700000)
  to   space 16896K, 0% used [0x00000000f2600000,0x00000000f2600000,0x00000000f3680000)
 ParOldGen       total 99840K, used 42562K [0x00000000c0000000, 0x00000000c6180000, 0x00000000eab00000)
  object space 99840K, 42% used [0x00000000c0000000,0x00000000c29908f0,0x00000000c6180000)
 Metaspace       used 58626K, capacity 62742K, committed 63616K, reserved 1103872K
  class space    used 7666K, capacity 8242K, committed 8576K, reserved 1048576K
Event: 32632.288 GC heap after
Heap after GC invocations=51 (full 14):
 PSYoungGen      total 142848K, used 11437K [0x00000000eab00000, 0x00000000f4d00000, 0x0000000100000000)
  eden space 125952K, 0% used [0x00000000eab00000,0x00000000eab00000,0x00000000f2600000)
  from space 16896K, 67% used [0x00000000f2600000,0x00000000f312b6d8,0x00000000f3680000)
  to   space 17920K, 0% used [0x00000000f3b80000,0x00000000f3b80000,0x00000000f4d00000)
 ParOldGen       total 99840K, used 42570K [0x00000000c0000000, 0x00000000c6180000, 0x00000000eab00000)
  object space 99840K, 42% used [0x00000000c0000000,0x00000000c29928f0,0x00000000c6180000)
 Metaspace       used 58626K, capacity 62742K, committed 63616K, reserved 1103872K
  class space    used 7666K, capacity 8242K, committed 8576K, reserved 1048576K
}
Event: 33516.637 GC heap before
{Heap before GC invocations=52 (full 14):
 PSYoungGen      total 142848K, used 137389K [0x00000000eab00000, 0x00000000f4d00000, 0x0000000100000000)
  eden space 125952K, 100% used [0x00000000eab00000,0x00000000f2600000,0x00000000f2600000)
  from space 16896K, 67% used [0x00000000f2600000,0x00000000f312b6d8,0x00000000f3680000)
  to   space 17920K, 0% used [0x00000000f3b80000,0x00000000f3b80000,0x00000000f4d00000)
 ParOldGen       total 99840K, used 42570K [0x00000000c0000000, 0x00000000c6180000, 0x00000000eab00000)
  object space 99840K, 42% used [0x00000000c0000000,0x00000000c29928f0,0x00000000c6180000)
 Metaspace       used 58769K, capacity 62974K, committed 63872K, reserved 1103872K
  class space    used 7685K, capacity 8264K, committed 8576K, reserved 1048576K
Event: 33516.642 GC heap after
Heap after GC invocations=52 (full 14):
 PSYoungGen      total 131584K, used 4048K [0x00000000eab00000, 0x00000000f4480000, 0x0000000100000000)
  eden space 122368K, 0% used [0x00000000eab00000,0x00000000eab00000,0x00000000f2280000)
  from space 9216K, 43% used [0x00000000f3b80000,0x00000000f3f74010,0x00000000f4480000)
  to   space 17408K, 0% used [0x00000000f2280000,0x00000000f2280000,0x00000000f3380000)
 ParOldGen       total 99840K, used 42578K [0x00000000c0000000, 0x00000000c6180000, 0x00000000eab00000)
  object space 99840K, 42% used [0x00000000c0000000,0x00000000c29948f0,0x00000000c6180000)
 Metaspace       used 58769K, capacity 62974K, committed 63872K, reserved 1103872K
  class space    used 7685K, capacity 8264K, committed 8576K, reserved 1048576K
}

